<?xml version="1.0" encoding="UTF-8"?>
<!-- Generated by org.testng.reporters.JUnitReportReporter -->
<testsuite hostname="asda1779po02529" name="com.qait.demo.tests.HRISLoginTest" tests="1" failures="0" timestamp="13 Jul 2018 11:19:41 GMT" time="6.233" errors="0">
  <testcase name="verifyUseLoginOnHris" time="6.233" classname="com.qait.demo.tests.HRISLoginTest"/>
</testsuite> <!-- com.qait.demo.tests.HRISLoginTest -->
