<?xml version="1.0" encoding="UTF-8"?>
<!-- Generated by org.testng.reporters.JUnitReportReporter -->
<testsuite hostname="asda1779po02529" name="com.qait.demo.tests.TOI_isRightPage" tests="1" failures="0" timestamp="13 Jul 2018 13:01:40 GMT" time="11.341" errors="0">
  <testcase name="verifyPage" time="11.341" classname="com.qait.demo.tests.TOI_isRightPage"/>
</testsuite> <!-- com.qait.demo.tests.TOI_isRightPage -->
